Build started 12/11/2013 12:29:23 PM.
     1>Project "F:\CS 142 me\Jon's Lab 10\Student_Code\Lab 10.vcxproj" on node 2 (build target(s)).
     1>InitializeBuildStatus:
         Touching "Debug\Lab 10.unsuccessfulbuild".
       ClCompile:
         All outputs are up-to-date.
       Link:
         c:\Program Files (x86)\Microsoft Visual Studio 10.0\VC\bin\link.exe /ERRORREPORT:PROMPT /OUT:"F:\CS 142 me\Jon's Lab 10\Student_Code\Debug\Lab 10.exe" /NOLOGO kernel32.lib user32.lib gdi32.lib winspool.lib comdlg32.lib advapi32.lib shell32.lib ole32.lib oleaut32.lib uuid.lib odbc32.lib odbccp32.lib /MANIFEST /ManifestFile:"Debug\Lab 10.exe.intermediate.manifest" /MANIFESTUAC:"level='asInvoker' uiAccess='false'" /DEBUG /PDB:"F:\CS 142 me\Jon's Lab 10\Student_Code\Debug\Lab 10.pdb" /TLBID:1 /DYNAMICBASE /NXCOMPAT /IMPLIB:"F:\CS 142 me\Jon's Lab 10\Student_Code\Debug\Lab 10.lib" /MACHINE:X86 Debug\Archer.obj
         Debug\Arena.obj
         Debug\Cleric.obj
         Debug\Factory.obj
         Debug\Fighter.obj
         Debug\Robot.obj
     1>LINK : fatal error LNK1561: entry point must be defined
     1>Done Building Project "F:\CS 142 me\Jon's Lab 10\Student_Code\Lab 10.vcxproj" (build target(s)) -- FAILED.

Build FAILED.

Time Elapsed 00:00:03.37
